IP Upgrade report for device
Wed Sep 15 18:50:39 2021
Quartus Prime Version 20.1.1 Build 720 11/11/2020 SJ Lite Edition


---------------------
; Table of Contents ;
---------------------
  1. Legal Notice
  2. IP Upgrade Summary
  3. Successfully Upgraded IP Components
  4. IP Upgrade Messages



----------------
; Legal Notice ;
----------------
Copyright (C) 2020  Intel Corporation. All rights reserved.
Your use of Intel Corporation's design tools, logic functions 
and other software and tools, and any partner logic 
functions, and any output files from any of the foregoing 
(including device programming or simulation files), and any 
associated documentation or information are expressly subject 
to the terms and conditions of the Intel Program License 
Subscription Agreement, the Intel Quartus Prime License Agreement,
the Intel FPGA IP License Agreement, or other applicable license
agreement, including, without limitation, that your use is for
the sole purpose of programming logic devices manufactured by
Intel and sold by Intel or its authorized distributors.  Please
refer to the applicable agreement for further details, at
https://fpgasoftware.intel.com/eula.



+----------------------------------------------------------------------------+
; IP Upgrade Summary                                                         ;
+------------------------------+---------------------------------------------+
; IP Components Upgrade Status ; Passed - Wed Sep 15 18:50:39 2021           ;
; Quartus Prime Version        ; 20.1.1 Build 720 11/11/2020 SJ Lite Edition ;
; Revision Name                ; device                                      ;
; Top-level Entity Name        ; device                                      ;
; Family                       ; Cyclone IV E                                ;
+------------------------------+---------------------------------------------+


+------------------------------------------------------------------------------------------------------------------+
; Successfully Upgraded IP Components                                                                              ;
+-------------+----------------+---------+----------------------+----------------------+-----------------+---------+
; Entity Name ; Component Name ; Version ; Original Source File ; Generation File Path ; New Source File ; Message ;
+-------------+----------------+---------+----------------------+----------------------+-----------------+---------+
; qsys        ; Qsys           ; N/A     ; qsys.qsys            ; qsys.qsys            ;                 ;         ;
+-------------+----------------+---------+----------------------+----------------------+-----------------+---------+


+---------------------+
; IP Upgrade Messages ;
+---------------------+
Info (11902): Backing up file "qsys.qsys" to "qsys.BAK.qsys"
Info (11837): Started upgrading IP component Qsys with file "qsys.qsys"
Info: 2021.09.15.18:50:38 Info: Starting to upgrade the IP cores in the Platform Designer system
Info: 2021.09.15.18:50:39 Info: Upgrading from core type Nios II (Classic) Processor with version 15.0 to core type Nios II Processor with version 20.1
Info: 2021.09.15.18:50:39 Info: Migration Successful
Info: 2021.09.15.18:50:39 Info: Finished upgrading the ip cores
Info (11131): Completed upgrading IP component Qsys with file "qsys.qsys"
Info (23030): Evaluation of Tcl script /home/efesxzc/intelFPGA_lite/20.1/quartus/common/tcl/internal/ip_regen/ip_regen.tcl was successful
Info: Quartus Prime Shell was successful. 0 errors, 1 warning
    Info: Peak virtual memory: 624 megabytes
    Info: Processing ended: Wed Sep 15 18:50:39 2021
    Info: Elapsed time: 00:00:29
    Info: Total CPU time (on all processors): 00:00:46


